{"level":"info","message":"identity server running on port 3001","service":"identity-service","timestamp":"2025-06-21T10:17:16.981Z"}
{"level":"error","message":"MongoDB connection error: The `uri` parameter to `openUri()` must be a string, got \"undefined\". Make sure the first parameter to `mongoose.connect()` or `mongoose.createConnection()` is a string.","service":"identity-service","stack":"MongooseError: The `uri` parameter to `openUri()` must be a string, got \"undefined\". Make sure the first parameter to `mongoose.connect()` or `mongoose.createConnection()` is a string.\n    at NativeConnection.createClient (C:\\Users\\sahan\\OneDrive\\Desktop\\micro-project\\Identity-service\\node_modules\\mongoose\\lib\\drivers\\node-mongodb-native\\connection.js:237:11)\n    at NativeConnection.openUri (C:\\Users\\sahan\\OneDrive\\Desktop\\micro-project\\Identity-service\\node_modules\\mongoose\\lib\\connection.js:1071:34)\n    at Mongoose.connect (C:\\Users\\sahan\\OneDrive\\Desktop\\micro-project\\Identity-service\\node_modules\\mongoose\\lib\\mongoose.js:450:15)\n    at Object.<anonymous> (C:\\Users\\sahan\\OneDrive\\Desktop\\micro-project\\Identity-service\\src\\server.js:18:10)\n    at Module._compile (node:internal/modules/cjs/loader:1376:14)\n    at Module._extensions..js (node:internal/modules/cjs/loader:1435:10)\n    at Module.load (node:internal/modules/cjs/loader:1207:32)\n    at Module._load (node:internal/modules/cjs/loader:1023:12)\n    at Function.executeUserEntryPoint [as runMain] (node:internal/modules/run_main:135:12)\n    at node:internal/main/run_main_module:28:49","timestamp":"2025-06-21T10:17:16.986Z"}
{"level":"info","message":"identity server running on port 3001","service":"identity-service","timestamp":"2025-06-21T10:18:16.408Z"}
{"code":"ENOTFOUND","hostname":"_mongodb._tcp.cluster0.1qj2k.mongodb.net","level":"error","message":"MongoDB connection error: querySrv ENOTFOUND _mongodb._tcp.cluster0.1qj2k.mongodb.net","service":"identity-service","stack":"Error: querySrv ENOTFOUND _mongodb._tcp.cluster0.1qj2k.mongodb.net\n    at QueryReqWrap.onresolve [as oncomplete] (node:internal/dns/promises:275:17)","syscall":"querySrv","timestamp":"2025-06-21T10:18:16.497Z"}
{"level":"info","message":"identity server running on port 3001","service":"identity-service","timestamp":"2025-06-21T10:19:17.036Z"}
{"code":"ENOTFOUND","hostname":"_mongodb._tcp.cluster0.1qj2k.mongodb.net","level":"error","message":"MongoDB connection error: querySrv ENOTFOUND _mongodb._tcp.cluster0.1qj2k.mongodb.net","service":"identity-service","stack":"Error: querySrv ENOTFOUND _mongodb._tcp.cluster0.1qj2k.mongodb.net\n    at QueryReqWrap.onresolve [as oncomplete] (node:internal/dns/promises:275:17)","syscall":"querySrv","timestamp":"2025-06-21T10:19:17.140Z"}
{"level":"info","message":"identity server running on port 3001","service":"identity-service","timestamp":"2025-06-21T10:20:51.730Z"}
{"code":"ENOTFOUND","hostname":"_mongodb._tcp.cluster0.1qj2k.mongodb.net","level":"error","message":"MongoDB connection error: querySrv ENOTFOUND _mongodb._tcp.cluster0.1qj2k.mongodb.net","service":"identity-service","stack":"Error: querySrv ENOTFOUND _mongodb._tcp.cluster0.1qj2k.mongodb.net\n    at QueryReqWrap.onresolve [as oncomplete] (node:internal/dns/promises:275:17)","syscall":"querySrv","timestamp":"2025-06-21T10:20:51.837Z"}
{"level":"info","message":"identity server running on port 3001","service":"identity-service","timestamp":"2025-06-21T10:24:49.598Z"}
{"level":"info","message":"Connected to MongoDB","service":"identity-service","timestamp":"2025-06-21T10:24:51.136Z"}
{"level":"info","message":"identity server running on port 3001","service":"identity-service","timestamp":"2025-06-21T10:33:19.085Z"}
{"level":"info","message":"Connected to MongoDB","service":"identity-service","timestamp":"2025-06-21T10:33:20.760Z"}
{"level":"info","message":" recieved POST request to  /api/auth/register","service":"identity-service","timestamp":"2025-06-21T10:34:20.655Z"}
{"level":"info","message":"Request body: {\"username\":\"amit\",\"email\":\"amit@gmail.com\",\"password\":\"amit@123\"}","service":"identity-service","timestamp":"2025-06-21T10:34:20.656Z"}
{"level":"info","message":"User registration started","service":"identity-service","timestamp":"2025-06-21T10:34:20.670Z"}
{"buffer":{"data":[104,86,138,172,39,24,238,142,128,63,201,114],"type":"Buffer"},"level":"info","message":"User saved successfully:","service":"identity-service","timestamp":"2025-06-21T10:34:21.103Z"}
{"level":"error","message":"Error during user registration: generateToken is not defined","service":"identity-service","stack":"ReferenceError: generateToken is not defined\n    at registerUser (C:\\Users\\sahan\\OneDrive\\Desktop\\micro-project\\Identity-service\\src\\controllers\\identityController.js:55:43)\n    at process.processTicksAndRejections (node:internal/process/task_queues:95:5)","timestamp":"2025-06-21T10:34:21.104Z"}
{"level":"info","message":"identity server running on port 3001","service":"identity-service","timestamp":"2025-06-21T10:36:24.511Z"}
{"level":"info","message":"Connected to MongoDB","service":"identity-service","timestamp":"2025-06-21T10:36:25.793Z"}
{"level":"info","message":" recieved POST request to  /api/auth/register","service":"identity-service","timestamp":"2025-06-21T10:36:32.334Z"}
{"level":"info","message":"Request body: {\"username\":\"amit\",\"email\":\"amit@gmail.com\",\"password\":\"amit@123\"}","service":"identity-service","timestamp":"2025-06-21T10:36:32.335Z"}
{"level":"info","message":"User registration started","service":"identity-service","timestamp":"2025-06-21T10:36:32.340Z"}
{"0":"a","1":"m","10":".","11":"c","12":"o","13":"m","2":"i","3":"t","4":"@","5":"g","6":"m","7":"a","8":"i","9":"l","level":"warn","message":"User already exists:","service":"identity-service","timestamp":"2025-06-21T10:36:32.517Z"}
{"level":"info","message":"identity server running on port 3001","service":"identity-service","timestamp":"2025-06-21T10:36:59.116Z"}
{"level":"info","message":"Connected to MongoDB","service":"identity-service","timestamp":"2025-06-21T10:37:00.755Z"}
{"level":"info","message":" recieved POST request to  /api/auth/register","service":"identity-service","timestamp":"2025-06-21T10:37:06.629Z"}
{"level":"info","message":"Request body: {\"username\":\"amitks\",\"email\":\"aks@gmail.com\",\"password\":\"amit@123\"}","service":"identity-service","timestamp":"2025-06-21T10:37:06.630Z"}
{"level":"info","message":"User registration started","service":"identity-service","timestamp":"2025-06-21T10:37:06.634Z"}
{"buffer":{"data":[104,86,139,82,88,80,77,117,216,37,108,6],"type":"Buffer"},"level":"info","message":"User saved successfully:","service":"identity-service","timestamp":"2025-06-21T10:37:07.000Z"}
{"level":"error","message":"Error during user registration: refreshToken.create is not a function","service":"identity-service","stack":"TypeError: refreshToken.create is not a function\n    at generateToken (C:\\Users\\sahan\\OneDrive\\Desktop\\micro-project\\Identity-service\\src\\utils\\generateToken.js:22:24)\n    at registerUser (C:\\Users\\sahan\\OneDrive\\Desktop\\micro-project\\Identity-service\\src\\controllers\\identityController.js:56:49)\n    at process.processTicksAndRejections (node:internal/process/task_queues:95:5)","timestamp":"2025-06-21T10:37:07.012Z"}
{"level":"info","message":"identity server running on port 3001","service":"identity-service","timestamp":"2025-06-21T10:40:44.504Z"}
{"level":"info","message":"Connected to MongoDB","service":"identity-service","timestamp":"2025-06-21T10:40:48.168Z"}
{"level":"info","message":" recieved POST request to  /api/auth/register","service":"identity-service","timestamp":"2025-06-21T10:41:02.899Z"}
{"level":"info","message":"Request body: {\"username\":\"amitksss\",\"email\":\"aksss@gmail.com\",\"password\":\"amit@123\"}","service":"identity-service","timestamp":"2025-06-21T10:41:02.900Z"}
{"level":"info","message":"User registration started","service":"identity-service","timestamp":"2025-06-21T10:41:02.905Z"}
{"buffer":{"data":[104,86,140,63,23,254,181,129,229,174,98,89],"type":"Buffer"},"level":"info","message":"User saved successfully:","service":"identity-service","timestamp":"2025-06-21T10:41:03.354Z"}
{"level":"error","message":"Error during user registration: refreshToken is not defined","service":"identity-service","stack":"ReferenceError: refreshToken is not defined\n    at generateToken (C:\\Users\\sahan\\OneDrive\\Desktop\\micro-project\\Identity-service\\src\\utils\\generateToken.js:32:9)\n    at process.processTicksAndRejections (node:internal/process/task_queues:95:5)\n    at async registerUser (C:\\Users\\sahan\\OneDrive\\Desktop\\micro-project\\Identity-service\\src\\controllers\\identityController.js:56:43)","timestamp":"2025-06-21T10:41:03.455Z"}
{"level":"info","message":"identity server running on port 3001","service":"identity-service","timestamp":"2025-06-21T10:42:38.063Z"}
{"level":"info","message":"Connected to MongoDB","service":"identity-service","timestamp":"2025-06-21T10:42:39.843Z"}
{"level":"info","message":" recieved POST request to  /api/auth/register","service":"identity-service","timestamp":"2025-06-21T10:42:53.256Z"}
{"level":"info","message":"Request body: {\"username\":\"amitkssks\",\"email\":\"akssks@gmail.com\",\"password\":\"amit@123\"}","service":"identity-service","timestamp":"2025-06-21T10:42:53.256Z"}
{"level":"info","message":"User registration started","service":"identity-service","timestamp":"2025-06-21T10:42:53.261Z"}
{"buffer":{"data":[104,86,140,173,104,30,102,68,3,252,158,119],"type":"Buffer"},"level":"info","message":"User saved successfully:","service":"identity-service","timestamp":"2025-06-21T10:42:53.702Z"}
{"level":"info","message":" recieved POST request to  /api/auth/register","service":"identity-service","timestamp":"2025-06-21T11:43:09.717Z"}
{"level":"info","message":"Request body: {\"username\":\"amitksskfs\",\"email\":\"aksskfs@gmail.com\",\"password\":\"amit@123\"}","service":"identity-service","timestamp":"2025-06-21T11:43:09.767Z"}
{"level":"info","message":"User registration started","service":"identity-service","timestamp":"2025-06-21T11:43:09.809Z"}
{"buffer":{"data":[104,86,154,205,104,30,102,68,3,252,158,124],"type":"Buffer"},"level":"info","message":"User saved successfully:","service":"identity-service","timestamp":"2025-06-21T11:43:10.333Z"}
{"level":"info","message":"identity server running on port 3001","service":"identity-service","timestamp":"2025-06-21T11:50:18.441Z"}
{"level":"info","message":"Connected to MongoDB","service":"identity-service","timestamp":"2025-06-21T11:50:19.916Z"}
{"level":"info","message":"identity server running on port 3001","service":"identity-service","timestamp":"2025-06-21T12:00:19.969Z"}
{"level":"info","message":"Connected to MongoDB","service":"identity-service","timestamp":"2025-06-21T12:00:21.405Z"}
{"level":"info","message":"identity server running on port 3001","service":"identity-service","timestamp":"2025-06-21T12:01:00.122Z"}
{"level":"info","message":"Connected to MongoDB","service":"identity-service","timestamp":"2025-06-21T12:01:01.257Z"}
{"level":"info","message":" recieved POST request to  /api/auth/login","service":"identity-service","timestamp":"2025-06-21T12:03:44.033Z"}
{"level":"info","message":"Request body: {\"email\":\"aksskfs@gmail.com\",\"password\":\"amit@123\"}","service":"identity-service","timestamp":"2025-06-21T12:03:44.034Z"}
{"level":"info","message":"login endpoints hit..","service":"identity-service","timestamp":"2025-06-21T12:03:44.039Z"}
{"level":"error","message":"Error during user registration: user.varifyPassword is not a function","service":"identity-service","stack":"TypeError: user.varifyPassword is not a function\n    at loginUser (C:\\Users\\sahan\\OneDrive\\Desktop\\micro-project\\Identity-service\\src\\controllers\\identityController.js:107:44)\n    at process.processTicksAndRejections (node:internal/process/task_queues:95:5)","timestamp":"2025-06-21T12:03:44.158Z"}
{"level":"info","message":"identity server running on port 3001","service":"identity-service","timestamp":"2025-06-21T12:05:08.989Z"}
{"level":"info","message":"Connected to MongoDB","service":"identity-service","timestamp":"2025-06-21T12:05:10.270Z"}
{"level":"info","message":" recieved POST request to  /api/auth/login","service":"identity-service","timestamp":"2025-06-21T12:05:16.514Z"}
{"level":"info","message":"Request body: {\"email\":\"aksskfs@gmail.com\",\"password\":\"amit@123\"}","service":"identity-service","timestamp":"2025-06-21T12:05:16.514Z"}
{"level":"info","message":"login endpoints hit..","service":"identity-service","timestamp":"2025-06-21T12:05:16.519Z"}
{"level":"error","message":"Error during user registration: user.varifyPassword is not a function","service":"identity-service","stack":"TypeError: user.varifyPassword is not a function\n    at loginUser (C:\\Users\\sahan\\OneDrive\\Desktop\\micro-project\\Identity-service\\src\\controllers\\identityController.js:107:44)\n    at process.processTicksAndRejections (node:internal/process/task_queues:95:5)","timestamp":"2025-06-21T12:05:16.627Z"}
